<?xml version="1.0" encoding="utf-8"?><testsuites name="pytest tests"><testsuite name="pytest" errors="0" failures="0" skipped="0" tests="11" time="2.535" timestamp="2026-07-20T10:04:01.797580+00:00" hostname="agent-env-0cf92f2a-c1ec-4854-aefc-75198024124a"><testcase classname="tests.backend_test.TestConvert" name="test_convert_requires_auth" time="0.147" /><testcase classname="tests.backend_test.TestConvert" name="test_convert_single_docx" time="0.629" /><testcase classname="tests.backend_test.TestJobs" name="test_list_jobs" time="0.845" /><testcase classname="tests.backend_test.TestConvert" name="test_convert_mixed_valid_and_invalid" time="0.136" /><testcase classname="tests.backend_test.TestJobs" name="test_get_job" time="0.105" /><testcase classname="tests.backend_test.TestConvert" name="test_convert_all_invalid_returns_400" time="0.094" /><testcase classname="tests.backend_test.TestJobs" name="test_download_excel" time="0.112" /><testcase classname="tests.backend_test.TestAuth" name="test_login_invalid" time="0.384" /><testcase classname="tests.backend_test.TestJobs" name="test_delete_job" time="0.376" /><testcase classname="tests.backend_test.TestAuth" name="test_me_unauthenticated" time="0.098" /><testcase classname="tests.backend_test.TestAuth" name="test_me_authenticated" time="0.109" /></testsuite></testsuites>