<?xml version="1.0" encoding="utf-8"?><testsuites name="pytest tests"><testsuite name="pytest" errors="0" failures="0" skipped="0" tests="24" time="6.782" timestamp="2026-07-20T11:56:33.820479+00:00" hostname="agent-env-0cf92f2a-c1ec-4854-aefc-75198024124a"><testcase classname="tests.backend_test.TestAuth" name="test_login_valid_admin" time="0.619" /><testcase classname="tests.backend_test.TestAuth" name="test_login_invalid" time="0.453" /><testcase classname="tests.backend_test.TestAdminUsers" name="test_list_users_admin" time="0.808" /><testcase classname="tests.backend_test.TestAdminUsers" name="test_create_general_user" time="0.514" /><testcase classname="tests.backend_test.TestAuth" name="test_me_unauthenticated" time="0.099" /><testcase classname="tests.backend_test.TestAdminUsers" name="test_new_user_can_login" time="0.505" /><testcase classname="tests.backend_test.TestAuth" name="test_me_authenticated" time="0.590" /><testcase classname="tests.backend_test.TestConvert" name="test_convert_requires_auth" time="0.193" /><testcase classname="tests.backend_test.TestAdminUsers" name="test_general_user_forbidden_from_users_endpoints" time="0.404" /><testcase classname="tests.backend_test.TestConvert" name="test_convert_single_docx" time="0.150" /><testcase classname="tests.backend_test.TestConvert" name="test_convert_mixed_valid_and_invalid" time="0.206" /><testcase classname="tests.backend_test.TestAdminUsers" name="test_unauthenticated_forbidden" time="0.273" /><testcase classname="tests.backend_test.TestConvert" name="test_convert_all_invalid_returns_400" time="0.108" /><testcase classname="tests.backend_test.TestAdminUsers" name="test_create_duplicate_username_400" time="0.117" /><testcase classname="tests.backend_test.TestJobs" name="test_list_jobs" time="0.242" /><testcase classname="tests.backend_test.TestAdminUsers" name="test_admin_cannot_delete_self" time="0.196" /><testcase classname="tests.backend_test.TestJobs" name="test_get_job" time="0.130" /><testcase classname="tests.backend_test.TestJobs" name="test_download_excel" time="0.115" /><testcase classname="tests.backend_test.TestAdminUsers" name="test_delete_user" time="0.199" /><testcase classname="tests.backend_test.TestJobs" name="test_delete_job" time="0.421" /><testcase classname="tests.backend_test.TestWordToPdf" name="test_pdf_requires_auth" time="0.128" /><testcase classname="tests.backend_test.TestWordToPdf" name="test_pdf_combine_two_docx" time="1.605" /><testcase classname="tests.backend_test.TestWordToPdf" name="test_pdf_skips_non_docx" time="0.917" /><testcase classname="tests.backend_test.TestWordToPdf" name="test_pdf_all_invalid_returns_400" time="0.132" /></testsuite></testsuites>